  [1m[35m (57.5ms)[0m  [1m[35mCREATE TABLE "schema_migrations" ("version" varchar NOT NULL PRIMARY KEY)[0m
  [1m[35m (0.6ms)[0m  [1m[35mCREATE TABLE "ar_internal_metadata" ("key" varchar NOT NULL PRIMARY KEY, "value" varchar, "created_at" datetime(6) NOT NULL, "updated_at" datetime(6) NOT NULL)[0m
  [1m[36mActiveRecord::InternalMetadata Load (0.1ms)[0m  [1m[34mSELECT * FROM "ar_internal_metadata" WHERE "ar_internal_metadata"."key" = ? ORDER BY "ar_internal_metadata"."key" ASC LIMIT 1[0m  [[nil, "environment"]]
  [1m[36mActiveRecord::InternalMetadata Create (0.2ms)[0m  [1m[32mINSERT INTO "ar_internal_metadata" ("key", "value", "created_at", "updated_at") VALUES ('environment', 'development', '2024-09-20 16:23:12.978200', '2024-09-20 16:23:12.978204') RETURNING "key"[0m
  [1m[36mActiveRecord::SchemaMigration Load (0.1ms)[0m  [1m[34mSELECT "schema_migrations"."version" FROM "schema_migrations" ORDER BY "schema_migrations"."version" ASC[0m
Migrating to CreateUsers (20240920161632)
  [1m[36mActiveRecord::InternalMetadata Load (0.2ms)[0m  [1m[34mSELECT * FROM "ar_internal_metadata" WHERE "ar_internal_metadata"."key" = ? ORDER BY "ar_internal_metadata"."key" ASC LIMIT 1[0m  [[nil, "environment"]]
  [1m[36mActiveRecord::SchemaMigration Load (0.1ms)[0m  [1m[34mSELECT "schema_migrations"."version" FROM "schema_migrations" ORDER BY "schema_migrations"."version" ASC[0m
Migrating to CreateUsers (20240920161632)
  [1m[36mTRANSACTION (0.1ms)[0m  [1m[36mbegin transaction[0m
  [1m[35m (1.2ms)[0m  [1m[35mCREATE TABLE "users" ("id" integer PRIMARY KEY AUTOINCREMENT NOT NULL, "created_at" datetime(6) NOT NULL, "updated_at" datetime(6) NOT NULL, "username" varchar)[0m
  [1m[36mActiveRecord::SchemaMigration Create (0.2ms)[0m  [1m[32mINSERT INTO "schema_migrations" ("version") VALUES ('20240920161632') RETURNING "version"[0m
  [1m[36mTRANSACTION (52.9ms)[0m  [1m[36mcommit transaction[0m
  [1m[36mActiveRecord::SchemaMigration Load (0.2ms)[0m  [1m[34mSELECT "schema_migrations"."version" FROM "schema_migrations" ORDER BY "schema_migrations"."version" ASC[0m
  [1m[36mUser Load (3.2ms)[0m  [1m[34mSELECT "users".* FROM "users" /* loading for pp */ LIMIT ?[0m  [["LIMIT", 11]]
  [1m[36mTRANSACTION (0.2ms)[0m  [1m[36mbegin transaction[0m
  [1m[36mUser Create (1.4ms)[0m  [1m[32mINSERT INTO "users" ("created_at", "updated_at", "username") VALUES (?, ?, ?) RETURNING "id"[0m  [["created_at", "2024-09-20 16:30:03.111903"], ["updated_at", "2024-09-20 16:30:03.111903"], ["username", "ben"]]
  [1m[36mTRANSACTION (53.6ms)[0m  [1m[36mcommit transaction[0m
  [1m[36mUser Load (0.3ms)[0m  [1m[34mSELECT "users".* FROM "users" /* loading for pp */ LIMIT ?[0m  [["LIMIT", 11]]
  [1m[36mUser Load (7.9ms)[0m  [1m[34mSELECT "users".* FROM "users" /* loading for pp */ LIMIT ?[0m  [["LIMIT", 11]]
  [1m[36mTRANSACTION (0.2ms)[0m  [1m[36mbegin transaction[0m
  [1m[36mUser Create (1.6ms)[0m  [1m[32mINSERT INTO "users" ("created_at", "updated_at", "username") VALUES (?, ?, ?) RETURNING "id"[0m  [["created_at", "2024-09-20 16:32:34.505739"], ["updated_at", "2024-09-20 16:32:34.505739"], ["username", "esther"]]
  [1m[36mTRANSACTION (51.1ms)[0m  [1m[36mcommit transaction[0m
  [1m[36mUser Load (0.4ms)[0m  [1m[34mSELECT "users".* FROM "users" /* loading for pp */ LIMIT ?[0m  [["LIMIT", 11]]
  [1m[36mUser Load (0.5ms)[0m  [1m[34mSELECT "users".* FROM "users"[0m
  [1m[36mUser Load (0.2ms)[0m  [1m[34mSELECT "users".* FROM "users" WHERE "users"."id" = ? ORDER BY "users"."id" ASC LIMIT ?[0m  [["id", 1], ["LIMIT", 1]]
  [1m[36mTRANSACTION (0.2ms)[0m  [1m[36mbegin transaction[0m
  [1m[36mUser Update (1.2ms)[0m  [1m[33mUPDATE "users" SET "updated_at" = ?, "username" = ? WHERE "users"."id" = ?[0m  [["updated_at", "2024-09-20 16:34:12.119923"], ["username", "steven"], ["id", 1]]
  [1m[36mTRANSACTION (0.3ms)[0m  [1m[36mcommit transaction[0m
  [1m[36mUser Load (0.2ms)[0m  [1m[34mSELECT "users".* FROM "users" /* loading for pp */ LIMIT ?[0m  [["LIMIT", 11]]
  [1m[36mTRANSACTION (0.2ms)[0m  [1m[36mbegin transaction[0m
  [1m[36mUser Create (2.7ms)[0m  [1m[32mINSERT INTO "users" ("created_at", "updated_at", "username") VALUES (?, ?, ?) RETURNING "id"[0m  [["created_at", "2024-09-20 16:35:57.584483"], ["updated_at", "2024-09-20 16:35:57.584483"], ["username", "flipfloplover213"]]
  [1m[36mTRANSACTION (97.5ms)[0m  [1m[36mcommit transaction[0m
  [1m[36mUser Load (0.2ms)[0m  [1m[34mSELECT "users".* FROM "users" /* loading for pp */ LIMIT ?[0m  [["LIMIT", 11]]
  [1m[36mTRANSACTION (0.2ms)[0m  [1m[36mbegin transaction[0m
  [1m[36mUser Create (1.4ms)[0m  [1m[32mINSERT INTO "users" ("created_at", "updated_at", "username") VALUES (?, ?, ?) RETURNING "id"[0m  [["created_at", "2024-09-20 16:37:13.438351"], ["updated_at", "2024-09-20 16:37:13.438351"], ["username", "ben"]]
  [1m[36mTRANSACTION (0.3ms)[0m  [1m[36mcommit transaction[0m
  [1m[36mUser Load (0.4ms)[0m  [1m[34mSELECT "users".* FROM "users" /* loading for pp */ LIMIT ?[0m  [["LIMIT", 11]]
